<?xml version="1.0" encoding="UTF-8"?>
<!-- Generated by org.testng.reporters.JUnitReportReporter -->
<testsuite hostname="RR19-MB34.local" failures="0" tests="2" name="com.bunchapp.testCases.OnboardingOptionsTest" time="7.819" errors="0" timestamp="2020-06-15T22:09:55 EDT" skipped="0">
  <testcase classname="com.bunchapp.testCases.OnboardingOptionsTest" name="validateContinueButton" time="5.812"/>
  <system-out/>
  <testcase classname="com.bunchapp.testCases.OnboardingOptionsTest" name="validateRegistrationPageContent" time="2.007"/>
  <system-out/>
</testsuite> <!-- com.bunchapp.testCases.OnboardingOptionsTest -->
