<?xml version="1.0" encoding="UTF-8"?>
<!-- Generated by org.testng.reporters.JUnitReportReporter -->
<testsuite hostname="RR19-MB34.local" failures="0" tests="2" name="com.bunchapp.testCases.RegistrationUsingSMSTest" time="8.137" errors="0" timestamp="2020-06-15T18:24:05 EDT" skipped="0">
  <testcase classname="com.bunchapp.testCases.RegistrationUsingSMSTest" name="validateClickOnRegistrationUsingSMS" time="6.380"/>
  <system-out/>
  <testcase classname="com.bunchapp.testCases.RegistrationUsingSMSTest" name="validateTheUserIsOnRegistrationPage" time="1.757"/>
  <system-out/>
</testsuite> <!-- com.bunchapp.testCases.RegistrationUsingSMSTest -->
