<?xml version="1.0" encoding="UTF-8"?>
<!-- Generated by org.testng.reporters.JUnitReportReporter -->
<testsuite hostname="RR19-MB34.local" failures="0" tests="1" name="com.bunchapp.testCases.RegistrationUsingSMS" time="7.454" errors="0" timestamp="2020-06-14T17:51:01 EDT" skipped="0">
  <testcase classname="com.bunchapp.testCases.RegistrationUsingSMS" name="validateClickOnRegistrationUsingSMS" time="7.454"/>
  <system-out/>
</testsuite> <!-- com.bunchapp.testCases.RegistrationUsingSMS -->
