<?xml version="1.0" encoding="UTF-8"?>
<!-- Generated by org.testng.reporters.JUnitReportReporter -->
<testsuite hostname="RR19-MB34.local" failures="0" tests="3" name="com.bunchapp.testCases.RegistrationPageCountryTest" time="11.989" errors="0" timestamp="2020-06-16T10:53:34 EDT" skipped="0">
  <testcase classname="com.bunchapp.testCases.RegistrationPageCountryTest" name="validateDefaultCountry" time="7.384"/>
  <system-out/>
  <testcase classname="com.bunchapp.testCases.RegistrationPageCountryTest" name="clickOnCountryCodebuttonSuccessfull" time="2.004"/>
  <system-out/>
  <testcase classname="com.bunchapp.testCases.RegistrationPageCountryTest" name="validateCountrySelection" time="2.601"/>
  <system-out/>
</testsuite> <!-- com.bunchapp.testCases.RegistrationPageCountryTest -->
