<?xml version="1.0" encoding="UTF-8"?>
<!-- Generated by org.testng.reporters.JUnitReportReporter -->
<testsuite hostname="RR19-MB34.local" failures="0" tests="3" name="com.bunchapp.testCases.RegistrationUsingPhoneNumberTest" time="29.073" errors="0" timestamp="2020-06-16T10:53:34 EDT" skipped="0">
  <testcase classname="com.bunchapp.testCases.RegistrationUsingPhoneNumberTest" name="validateSpecialCharsNotAllowed" time="8.076"/>
  <system-out/>
  <testcase classname="com.bunchapp.testCases.RegistrationUsingPhoneNumberTest" name="validPhoneNumberRegistration" time="10.402"/>
  <system-out/>
  <testcase classname="com.bunchapp.testCases.RegistrationUsingPhoneNumberTest" name="invalidPhoneNumberRegistration" time="10.595"/>
  <system-out/>
</testsuite> <!-- com.bunchapp.testCases.RegistrationUsingPhoneNumberTest -->
