<?xml version="1.0" encoding="UTF-8"?>
<!-- Generated by org.testng.reporters.JUnitReportReporter -->
<testsuite hostname="RR19-MB34.local" failures="0" tests="2" name="com.bunchapp.testCases.RegistrationPageTimeZoneTest" time="9.663" errors="0" timestamp="2020-06-15T12:31:33 EDT" skipped="0">
  <testcase classname="com.bunchapp.testCases.RegistrationPageTimeZoneTest" name="validateDefaultTimeZoneOnRegistrationPage" time="7.067"/>
  <system-out/>
  <testcase classname="com.bunchapp.testCases.RegistrationPageTimeZoneTest" name="clickOnCountryCodebuttonSuccessfull" time="2.596"/>
  <system-out/>
</testsuite> <!-- com.bunchapp.testCases.RegistrationPageTimeZoneTest -->
