<?xml version="1.0" encoding="UTF-8"?>
<!-- Generated by org.testng.reporters.JUnitReportReporter -->
<testsuite hostname="RR19-MB34.local" failures="0" tests="3" name="com.bunchapp.testCases.RegistrationPageCountryTest" time="12.757" errors="0" timestamp="2020-06-15T22:09:55 EDT" skipped="0">
  <testcase classname="com.bunchapp.testCases.RegistrationPageCountryTest" name="validateDefaultCountry" time="7.454"/>
  <system-out/>
  <testcase classname="com.bunchapp.testCases.RegistrationPageCountryTest" name="clickOnCountryCodebuttonSuccessfull" time="2.017"/>
  <system-out/>
  <testcase classname="com.bunchapp.testCases.RegistrationPageCountryTest" name="validateCountrySelection" time="3.286"/>
  <system-out/>
</testsuite> <!-- com.bunchapp.testCases.RegistrationPageCountryTest -->
